[18:50:37.403] Global cache location '/home/vicky/.cache/typescript/3.8', safe file path '/home/vicky/.config/yarn/global/node_modules/typescript/lib/typingSafeList.json', types map path /home/vicky/.config/yarn/global/node_modules/typescript/lib/typesMap.json
[18:50:37.406] Processing cache location '/home/vicky/.cache/typescript/3.8'
[18:50:37.406] Trying to find '/home/vicky/.cache/typescript/3.8/package.json'...
[18:50:37.422] Loaded content of '/home/vicky/.cache/typescript/3.8/package.json': {"private":true,"dependencies":{"types-registry":"^0.1.485"},"devDependencies":{"@types/acorn":"^4.0.5","@types/ajv-errors":"^1.0.2","@types/ajv-keywords":"^3.4.0","@types/ansi-styles":"^3.2.1","@types/anymatch":"^1.3.1","@types/arr-diff":"^4.0.0","@types/arr-union":"^3.1.0","@types/array-unique":"^0.3.0","@types/assert":"^1.4.6","@types/atob":"^2.1.2","@types/autoprefixer":"^9.7.2","@types/babel-code-frame":"^6.20.2","@types/babel-plugin-syntax-jsx":"^6.18.0","@types/balanced-match":"^1.0.1","@types/base64-js":"^1.2.5","@types/big.js":"^4.0.5","@types/bluebird":"^3.5.30","@types/bn.js":"^4.11.6","@types/brace-expansion":"^1.1.0","@types/braces":"^3.0.0","@types/brorand":"^1.0.30","@types/browserslist":"^4.8.0","@types/buffer-from":"^1.1.0","@types/buffer-xor":"^2.0.0","@types/bytes":"^3.1.0","@types/cacache":"^12.0.1","@types/caniuse-lite":"^1.0.0","@types/chownr":"^1.0.0","@types/cipher-base":"^1.0.0","@types/clone-deep":"^4.0.1","@types/color-convert":"^1.9.0","@types/color-name":"^1.1.1","@types/commondir":"^1.0.0","@types/component-emitter":"^1.2.9","@types/compose-function":"0.0.30","@types/concat-map":"0.0.0","@types/concat-stream":"^1.6.0","@types/convert-source-map":"^1.5.1","@types/create-hash":"^1.2.2","@types/create-hmac":"^1.1.0","@types/css":"0.0.31","@types/cssesc":"^3.0.0","@types/d":"^1.0.0","@types/debug":"^4.1.5","@types/decode-uri-component":"^0.2.0","@types/define-properties":"^1.1.2","@types/defined":"^1.0.0","@types/detective":"^5.1.0","@types/diffie-hellman":"^5.0.0","@types/domhandler":"^2.4.1","@types/domutils":"^1.7.2","@types/duplexify":"^3.6.0","@types/elliptic":"^6.4.12","@types/end-of-stream":"^1.4.0","@types/enhanced-resolve":"^3.0.6","@types/entities":"^1.1.1","@types/eslint-scope":"^3.7.0","@types/estraverse":"0.0.6","@types/events":"^3.0.0","@types/extend":"^3.0.1","@types/file-loader":"^4.2.0","@types/find-cache-dir":"^3.2.0","@types/flush-write-stream":"^1.0.0","@types/from2":"^2.3.0","@types/fs-extra":"^8.1.0","@types/function-bind":"^1.1.1","@types/get-value":"^3.0.1","@types/glob":"^7.1.1","@types/glob-parent":"^5.1.0","@types/glob-to-regexp":"^0.4.0","@types/graceful-fs":"^4.1.3","@types/has-ansi":"^3.0.0","@types/icss-utils":"^4.1.0","@types/iferr":"^1.0.2","@types/imurmurhash":"^0.1.0","@types/inherits":"0.0.30","@types/invariant":"^2.2.31","@types/is-alphanumerical":"^1.0.0","@types/is-buffer":"^2.0.0","@types/is-glob":"^4.0.1","@types/is-number":"^7.0.0","@types/is-windows":"^1.0.0","@types/isarray":"^2.0.0","@types/js-levenshtein":"^1.1.0","@types/jsesc":"^2.5.0","@types/json-parse-better-errors":"^1.0.0","@types/json-schema-traverse":"^0.4.0","@types/json5":"0.0.30","@types/jsonfile":"^5.0.0","@types/kind-of":"^6.0.0","@types/loader-runner":"^2.2.3","@types/loader-utils":"^1.1.3","@types/lodash":"^4.14.149","@types/lodash.camelcase":"^4.3.6","@types/lodash.template":"^4.4.6","@types/lodash.toarray":"^4.4.6","@types/lru-cache":"^5.1.0","@types/memory-fs":"^0.3.2","@types/merge-stream":"^1.1.2","@types/micromatch":"^4.0.1","@types/mime":"^2.0.1","@types/mini-css-extract-plugin":"^0.9.1","@types/minimalistic-assert":"^1.0.0","@types/minimatch":"^3.0.3","@types/minimist":"^1.2.0","@types/mkdirp":"^1.0.0","@types/move-concurrently":"^1.0.2","@types/ms":"^0.7.31","@types/next-seo":"^1.10.0","@types/next-tick":"^1.0.0","@types/node-emoji":"^1.8.1","@types/node-fetch":"^2.5.5","@types/normalize-path":"^3.0.0","@types/num2fraction":"^1.2.0","@types/object-assign":"^4.0.30","@types/object-keys":"^1.0.1","@types/object-path":"^0.11.0","@types/object.pick":"^1.3.0","@types/once":"^1.4.0","@types/pako":"^1.0.1","@types/parallel-transform":"^1.1.0","@types/path-is-absolute":"^1.0.0","@types/path-parse":"^1.0.19","@types/pbkdf2":"^3.0.0","@types/pify":"^3.0.2","@types/postcss-custom-properties":"^9.1.0","@types/postcss-modules-extract-imports":"^2.0.0","@types/postcss-modules-local-by-default":"^1.2.0","@types/postcss-modules-scope":"^1.1.0","@types/postcss-modules-values":"^3.0.0","@types/postcss-nested":"^4.1.0","@types/pretty-hrtime":"^1.0.0","@types/promise-inflight":"^1.0.0","@types/prop-types":"^15.7.3","@types/pump":"^1.1.0","@types/pumpify":"^1.4.1","@types/punycode":"^2.1.0","@types/ramda":"^0.27.3","@types/randombytes":"^2.0.0","@types/react":"^16.9.34","@types/react-dom":"^16.9.6","@types/react-is":"^16.7.1","@types/readable-stream":"^2.3.5","@types/repeat-element":"^1.1.0","@types/repeat-string":"^1.6.0","@types/replace-ext":"0.0.27","@types/resolve":"^1.14.0","@types/rimraf":"^3.0.0","@types/ripemd160":"^2.0.0","@types/safe-regex":"^1.1.2","@types/sass":"^1.16.0","@types/scheduler":"^0.16.1","@types/semver":"^7.1.0","@types/serialize-javascript":"^1.5.0","@types/set-value":"^2.0.0","@types/setimmediate":"^1.0.0","@types/sha.js":"^2.4.0","@types/source-list-map":"^0.1.2","@types/source-map-support":"^0.5.1","@types/ssri":"^6.0.1","@types/stream-each":"^1.2.0","@types/stream-shift":"^1.0.0","@types/strict-uri-encode":"^2.0.0","@types/string-hash":"^1.1.1","@types/styled-jsx":"^2.2.8","@types/supports-color":"^5.3.0","@types/tapable":"^1.0.5","@types/terser-webpack-plugin":"^2.2.0","@types/through2":"^2.0.34","@types/traverse":"^0.6.32","@types/trim":"^0.1.0","@types/uniq":"0.0.27","@types/universalify":"^1.0.0","@types/urix":"^0.1.0","@types/use-subscription":"^1.0.0","@types/util-deprecate":"^1.0.0","@types/vfile-location":"^2.0.3","@types/watchpack":"^1.1.5","@types/webpack":"^4.41.10","@types/webpack-sources":"^0.1.7","@types/xtend":"^4.0.2","@types/y18n":"^4.0.0","@types/yallist":"^3.0.1","@types/zen-observable":"^0.8.0"}}
[18:50:37.423] Loaded content of '/home/vicky/.cache/typescript/3.8/package-lock.json'
[18:50:37.458] Adding entry into typings cache: 'acorn' => '/home/vicky/.cache/typescript/3.8/node_modules/@types/acorn/index.d.ts'
[18:50:37.469] Adding entry into typings cache: 'ajv-errors' => '/home/vicky/.cache/typescript/3.8/node_modules/@types/ajv-errors/index.d.ts'
[18:50:37.476] Adding entry into typings cache: 'ajv-keywords' => '/home/vicky/.cache/typescript/3.8/node_modules/@types/ajv-keywords/index.d.ts'
[18:50:37.500] Adding entry into typings cache: 'ansi-styles' => '/home/vicky/.cache/typescript/3.8/node_modules/@types/ansi-styles/index.d.ts'
[18:50:37.511] Adding entry into typings cache: 'anymatch' => '/home/vicky/.cache/typescript/3.8/node_modules/@types/anymatch/index.d.ts'
[18:50:37.530] Adding entry into typings cache: 'arr-diff' => '/home/vicky/.cache/typescript/3.8/node_modules/@types/arr-diff/index.d.ts'
[18:50:37.574] Adding entry into typings cache: 'arr-union' => '/home/vicky/.cache/typescript/3.8/node_modules/@types/arr-union/index.d.ts'
[18:50:37.587] Adding entry into typings cache: 'array-unique' => '/home/vicky/.cache/typescript/3.8/node_modules/@types/array-unique/index.d.ts'
[18:50:37.601] Adding entry into typings cache: 'assert' => '/home/vicky/.cache/typescript/3.8/node_modules/@types/assert/ts3.7/index.d.ts'
[18:50:37.619] Adding entry into typings cache: 'atob' => '/home/vicky/.cache/typescript/3.8/node_modules/@types/atob/index.d.ts'
[18:50:37.625] Adding entry into typings cache: 'autoprefixer' => '/home/vicky/.cache/typescript/3.8/node_modules/@types/autoprefixer/index.d.ts'
[18:50:37.633] Adding entry into typings cache: 'babel-code-frame' => '/home/vicky/.cache/typescript/3.8/node_modules/@types/babel-code-frame/index.d.ts'
[18:50:37.644] Adding entry into typings cache: 'babel-plugin-syntax-jsx' => '/home/vicky/.cache/typescript/3.8/node_modules/@types/babel-plugin-syntax-jsx/index.d.ts'
[18:50:37.652] Adding entry into typings cache: 'balanced-match' => '/home/vicky/.cache/typescript/3.8/node_modules/@types/balanced-match/index.d.ts'
[18:50:37.658] Adding entry into typings cache: 'base64-js' => '/home/vicky/.cache/typescript/3.8/node_modules/@types/base64-js/index.d.ts'
[18:50:37.671] Adding entry into typings cache: 'big.js' => '/home/vicky/.cache/typescript/3.8/node_modules/@types/big.js/index.d.ts'
[18:50:37.683] Adding entry into typings cache: 'bluebird' => '/home/vicky/.cache/typescript/3.8/node_modules/@types/bluebird/index.d.ts'
[18:50:37.694] Adding entry into typings cache: 'bn.js' => '/home/vicky/.cache/typescript/3.8/node_modules/@types/bn.js/index.d.ts'
[18:50:37.710] Adding entry into typings cache: 'brace-expansion' => '/home/vicky/.cache/typescript/3.8/node_modules/@types/brace-expansion/index.d.ts'
[18:50:37.730] Adding entry into typings cache: 'braces' => '/home/vicky/.cache/typescript/3.8/node_modules/@types/braces/index.d.ts'
[18:50:37.736] Adding entry into typings cache: 'brorand' => '/home/vicky/.cache/typescript/3.8/node_modules/@types/brorand/index.d.ts'
[18:50:37.743] Adding entry into typings cache: 'browserslist' => '/home/vicky/.cache/typescript/3.8/node_modules/@types/browserslist/index.d.ts'
[18:50:37.754] Adding entry into typings cache: 'buffer-from' => '/home/vicky/.cache/typescript/3.8/node_modules/@types/buffer-from/index.d.ts'
[18:50:37.760] Adding entry into typings cache: 'buffer-xor' => '/home/vicky/.cache/typescript/3.8/node_modules/@types/buffer-xor/index.d.ts'
[18:50:37.766] Adding entry into typings cache: 'bytes' => '/home/vicky/.cache/typescript/3.8/node_modules/@types/bytes/index.d.ts'
[18:50:37.774] Adding entry into typings cache: 'cacache' => '/home/vicky/.cache/typescript/3.8/node_modules/@types/cacache/index.d.ts'
[18:50:37.780] Adding entry into typings cache: 'caniuse-lite' => '/home/vicky/.cache/typescript/3.8/node_modules/@types/caniuse-lite/index.d.ts'
[18:50:37.794] Adding entry into typings cache: 'chownr' => '/home/vicky/.cache/typescript/3.8/node_modules/@types/chownr/index.d.ts'
[18:50:37.800] Adding entry into typings cache: 'cipher-base' => '/home/vicky/.cache/typescript/3.8/node_modules/@types/cipher-base/index.d.ts'
[18:50:37.806] Adding entry into typings cache: 'clone-deep' => '/home/vicky/.cache/typescript/3.8/node_modules/@types/clone-deep/index.d.ts'
[18:50:37.823] Adding entry into typings cache: 'color-convert' => '/home/vicky/.cache/typescript/3.8/node_modules/@types/color-convert/index.d.ts'
[18:50:37.853] Adding entry into typings cache: 'color-name' => '/home/vicky/.cache/typescript/3.8/node_modules/@types/color-name/index.d.ts'
[18:50:37.858] Adding entry into typings cache: 'commondir' => '/home/vicky/.cache/typescript/3.8/node_modules/@types/commondir/index.d.ts'
[18:50:37.877] Adding entry into typings cache: 'component-emitter' => '/home/vicky/.cache/typescript/3.8/node_modules/@types/component-emitter/index.d.ts'
[18:50:37.883] Adding entry into typings cache: 'compose-function' => '/home/vicky/.cache/typescript/3.8/node_modules/@types/compose-function/index.d.ts'
[18:50:37.889] Adding entry into typings cache: 'concat-map' => '/home/vicky/.cache/typescript/3.8/node_modules/@types/concat-map/index.d.ts'
[18:50:37.894] Adding entry into typings cache: 'concat-stream' => '/home/vicky/.cache/typescript/3.8/node_modules/@types/concat-stream/index.d.ts'
[18:50:37.900] Adding entry into typings cache: 'convert-source-map' => '/home/vicky/.cache/typescript/3.8/node_modules/@types/convert-source-map/index.d.ts'
[18:50:37.914] Adding entry into typings cache: 'create-hash' => '/home/vicky/.cache/typescript/3.8/node_modules/@types/create-hash/index.d.ts'
[18:50:37.932] Adding entry into typings cache: 'create-hmac' => '/home/vicky/.cache/typescript/3.8/node_modules/@types/create-hmac/index.d.ts'
[18:50:37.940] Adding entry into typings cache: 'css' => '/home/vicky/.cache/typescript/3.8/node_modules/@types/css/index.d.ts'
[18:50:37.945] Adding entry into typings cache: 'cssesc' => '/home/vicky/.cache/typescript/3.8/node_modules/@types/cssesc/index.d.ts'
[18:50:37.950] Adding entry into typings cache: 'd' => '/home/vicky/.cache/typescript/3.8/node_modules/@types/d/index.d.ts'
[18:50:37.973] Adding entry into typings cache: 'debug' => '/home/vicky/.cache/typescript/3.8/node_modules/@types/debug/index.d.ts'
[18:50:37.983] Adding entry into typings cache: 'decode-uri-component' => '/home/vicky/.cache/typescript/3.8/node_modules/@types/decode-uri-component/index.d.ts'
[18:50:37.989] Adding entry into typings cache: 'define-properties' => '/home/vicky/.cache/typescript/3.8/node_modules/@types/define-properties/index.d.ts'
[18:50:37.995] Adding entry into typings cache: 'defined' => '/home/vicky/.cache/typescript/3.8/node_modules/@types/defined/index.d.ts'
[18:50:37.999] Adding entry into typings cache: 'detective' => '/home/vicky/.cache/typescript/3.8/node_modules/@types/detective/index.d.ts'
[18:50:38.4] Adding entry into typings cache: 'diffie-hellman' => '/home/vicky/.cache/typescript/3.8/node_modules/@types/diffie-hellman/index.d.ts'
[18:50:38.9] Adding entry into typings cache: 'domhandler' => '/home/vicky/.cache/typescript/3.8/node_modules/@types/domhandler/index.d.ts'
[18:50:38.13] Adding entry into typings cache: 'domutils' => '/home/vicky/.cache/typescript/3.8/node_modules/@types/domutils/index.d.ts'
[18:50:38.20] Adding entry into typings cache: 'duplexify' => '/home/vicky/.cache/typescript/3.8/node_modules/@types/duplexify/index.d.ts'
[18:50:38.25] Adding entry into typings cache: 'elliptic' => '/home/vicky/.cache/typescript/3.8/node_modules/@types/elliptic/index.d.ts'
[18:50:38.35] Adding entry into typings cache: 'end-of-stream' => '/home/vicky/.cache/typescript/3.8/node_modules/@types/end-of-stream/index.d.ts'
[18:50:38.42] Adding entry into typings cache: 'enhanced-resolve' => '/home/vicky/.cache/typescript/3.8/node_modules/@types/enhanced-resolve/index.d.ts'
[18:50:38.46] Adding entry into typings cache: 'entities' => '/home/vicky/.cache/typescript/3.8/node_modules/@types/entities/index.d.ts'
[18:50:38.50] Adding entry into typings cache: 'eslint-scope' => '/home/vicky/.cache/typescript/3.8/node_modules/@types/eslint-scope/index.d.ts'
[18:50:38.54] Adding entry into typings cache: 'estraverse' => '/home/vicky/.cache/typescript/3.8/node_modules/@types/estraverse/index.d.ts'
[18:50:38.58] Adding entry into typings cache: 'events' => '/home/vicky/.cache/typescript/3.8/node_modules/@types/events/index.d.ts'
[18:50:38.65] Adding entry into typings cache: 'extend' => '/home/vicky/.cache/typescript/3.8/node_modules/@types/extend/index.d.ts'
[18:50:38.69] Adding entry into typings cache: 'file-loader' => '/home/vicky/.cache/typescript/3.8/node_modules/@types/file-loader/index.d.ts'
[18:50:38.74] Adding entry into typings cache: 'find-cache-dir' => '/home/vicky/.cache/typescript/3.8/node_modules/@types/find-cache-dir/index.d.ts'
[18:50:38.77] Adding entry into typings cache: 'flush-write-stream' => '/home/vicky/.cache/typescript/3.8/node_modules/@types/flush-write-stream/index.d.ts'
[18:50:38.82] Adding entry into typings cache: 'from2' => '/home/vicky/.cache/typescript/3.8/node_modules/@types/from2/index.d.ts'
[18:50:38.89] Adding entry into typings cache: 'fs-extra' => '/home/vicky/.cache/typescript/3.8/node_modules/@types/fs-extra/index.d.ts'
[18:50:38.94] Adding entry into typings cache: 'function-bind' => '/home/vicky/.cache/typescript/3.8/node_modules/@types/function-bind/ts3.3/index.d.ts'
[18:50:38.127] Adding entry into typings cache: 'get-value' => '/home/vicky/.cache/typescript/3.8/node_modules/@types/get-value/index.d.ts'
[18:50:38.147] Adding entry into typings cache: 'glob' => '/home/vicky/.cache/typescript/3.8/node_modules/@types/glob/index.d.ts'
[18:50:38.156] Adding entry into typings cache: 'glob-parent' => '/home/vicky/.cache/typescript/3.8/node_modules/@types/glob-parent/index.d.ts'
[18:50:38.171] Adding entry into typings cache: 'glob-to-regexp' => '/home/vicky/.cache/typescript/3.8/node_modules/@types/glob-to-regexp/index.d.ts'
[18:50:38.181] Adding entry into typings cache: 'graceful-fs' => '/home/vicky/.cache/typescript/3.8/node_modules/@types/graceful-fs/index.d.ts'
[18:50:38.689] Adding entry into typings cache: 'has-ansi' => '/home/vicky/.cache/typescript/3.8/node_modules/@types/has-ansi/index.d.ts'
[18:50:38.695] Adding entry into typings cache: 'icss-utils' => '/home/vicky/.cache/typescript/3.8/node_modules/@types/icss-utils/index.d.ts'
[18:50:38.703] Adding entry into typings cache: 'iferr' => '/home/vicky/.cache/typescript/3.8/node_modules/@types/iferr/index.d.ts'
[18:50:38.707] Adding entry into typings cache: 'imurmurhash' => '/home/vicky/.cache/typescript/3.8/node_modules/@types/imurmurhash/index.d.ts'
[18:50:38.714] Adding entry into typings cache: 'inherits' => '/home/vicky/.cache/typescript/3.8/node_modules/@types/inherits/index.d.ts'
[18:50:38.719] Adding entry into typings cache: 'invariant' => '/home/vicky/.cache/typescript/3.8/node_modules/@types/invariant/ts3.7/index.d.ts'
[18:50:38.723] Adding entry into typings cache: 'is-alphanumerical' => '/home/vicky/.cache/typescript/3.8/node_modules/@types/is-alphanumerical/index.d.ts'
[18:50:38.727] Adding entry into typings cache: 'is-buffer' => '/home/vicky/.cache/typescript/3.8/node_modules/is-buffer/index.d.ts'
[18:50:38.739] Adding entry into typings cache: 'is-glob' => '/home/vicky/.cache/typescript/3.8/node_modules/@types/is-glob/index.d.ts'
[18:50:38.747] Adding entry into typings cache: 'is-number' => '/home/vicky/.cache/typescript/3.8/node_modules/@types/is-number/index.d.ts'
[18:50:38.754] Adding entry into typings cache: 'is-windows' => '/home/vicky/.cache/typescript/3.8/node_modules/@types/is-windows/index.d.ts'
[18:50:38.762] Adding entry into typings cache: 'isarray' => '/home/vicky/.cache/typescript/3.8/node_modules/@types/isarray/index.d.ts'
[18:50:38.766] Adding entry into typings cache: 'js-levenshtein' => '/home/vicky/.cache/typescript/3.8/node_modules/@types/js-levenshtein/index.d.ts'
[18:50:38.771] Adding entry into typings cache: 'jsesc' => '/home/vicky/.cache/typescript/3.8/node_modules/@types/jsesc/index.d.ts'
[18:50:38.775] Adding entry into typings cache: 'json-parse-better-errors' => '/home/vicky/.cache/typescript/3.8/node_modules/@types/json-parse-better-errors/index.d.ts'
[18:50:38.784] Adding entry into typings cache: 'json-schema-traverse' => '/home/vicky/.cache/typescript/3.8/node_modules/@types/json-schema-traverse/index.d.ts'
[18:50:38.790] Adding entry into typings cache: 'json5' => '/home/vicky/.cache/typescript/3.8/node_modules/@types/json5/index.d.ts'
[18:50:38.794] Adding entry into typings cache: 'jsonfile' => '/home/vicky/.cache/typescript/3.8/node_modules/@types/jsonfile/index.d.ts'
[18:50:38.801] Adding entry into typings cache: 'kind-of' => '/home/vicky/.cache/typescript/3.8/node_modules/@types/kind-of/index.d.ts'
[18:50:38.804] Adding entry into typings cache: 'loader-runner' => '/home/vicky/.cache/typescript/3.8/node_modules/@types/loader-runner/index.d.ts'
[18:50:38.807] Adding entry into typings cache: 'loader-utils' => '/home/vicky/.cache/typescript/3.8/node_modules/@types/loader-utils/index.d.ts'
[18:50:38.814] Adding entry into typings cache: 'lodash' => '/home/vicky/.cache/typescript/3.8/node_modules/@types/lodash/ts3.1/index.d.ts'
[18:50:38.818] Adding entry into typings cache: 'lodash.camelcase' => '/home/vicky/.cache/typescript/3.8/node_modules/@types/lodash.camelcase/index.d.ts'
[18:50:38.822] Adding entry into typings cache: 'lodash.template' => '/home/vicky/.cache/typescript/3.8/node_modules/@types/lodash.template/index.d.ts'
[18:50:38.825] Adding entry into typings cache: 'lodash.toarray' => '/home/vicky/.cache/typescript/3.8/node_modules/@types/lodash.toarray/index.d.ts'
[18:50:38.829] Adding entry into typings cache: 'lru-cache' => '/home/vicky/.cache/typescript/3.8/node_modules/@types/lru-cache/index.d.ts'
[18:50:38.845] Adding entry into typings cache: 'memory-fs' => '/home/vicky/.cache/typescript/3.8/node_modules/@types/memory-fs/index.d.ts'
[18:50:38.848] Adding entry into typings cache: 'merge-stream' => '/home/vicky/.cache/typescript/3.8/node_modules/@types/merge-stream/index.d.ts'
[18:50:38.858] Adding entry into typings cache: 'micromatch' => '/home/vicky/.cache/typescript/3.8/node_modules/@types/micromatch/index.d.ts'
[18:50:38.861] Adding entry into typings cache: 'mime' => '/home/vicky/.cache/typescript/3.8/node_modules/@types/mime/index.d.ts'
[18:50:38.871] Adding entry into typings cache: 'mini-css-extract-plugin' => '/home/vicky/.cache/typescript/3.8/node_modules/@types/mini-css-extract-plugin/index.d.ts'
[18:50:38.880] Adding entry into typings cache: 'minimalistic-assert' => '/home/vicky/.cache/typescript/3.8/node_modules/@types/minimalistic-assert/index.d.ts'
[18:50:38.885] Adding entry into typings cache: 'minimatch' => '/home/vicky/.cache/typescript/3.8/node_modules/@types/minimatch/index.d.ts'
[18:50:38.889] Adding entry into typings cache: 'minimist' => '/home/vicky/.cache/typescript/3.8/node_modules/@types/minimist/index.d.ts'
[18:50:38.894] Adding entry into typings cache: 'mkdirp' => '/home/vicky/.cache/typescript/3.8/node_modules/@types/mkdirp/index.d.ts'
[18:50:38.898] Adding entry into typings cache: 'move-concurrently' => '/home/vicky/.cache/typescript/3.8/node_modules/@types/move-concurrently/index.d.ts'
[18:50:38.906] Adding entry into typings cache: 'ms' => '/home/vicky/.cache/typescript/3.8/node_modules/@types/ms/index.d.ts'
[18:50:38.910] Adding entry into typings cache: 'next-seo' => '/home/vicky/.cache/typescript/3.8/node_modules/@types/next-seo/index.d.ts'
[18:50:38.918] Adding entry into typings cache: 'next-tick' => '/home/vicky/.cache/typescript/3.8/node_modules/@types/next-tick/index.d.ts'
[18:50:38.929] Adding entry into typings cache: 'node-emoji' => '/home/vicky/.cache/typescript/3.8/node_modules/@types/node-emoji/index.d.ts'
[18:50:38.936] Adding entry into typings cache: 'node-fetch' => '/home/vicky/.cache/typescript/3.8/node_modules/@types/node-fetch/index.d.ts'
[18:50:38.949] Adding entry into typings cache: 'normalize-path' => '/home/vicky/.cache/typescript/3.8/node_modules/@types/normalize-path/index.d.ts'
[18:50:38.953] Adding entry into typings cache: 'num2fraction' => '/home/vicky/.cache/typescript/3.8/node_modules/@types/num2fraction/index.d.ts'
[18:50:38.957] Adding entry into typings cache: 'object-assign' => '/home/vicky/.cache/typescript/3.8/node_modules/@types/object-assign/index.d.ts'
[18:50:38.961] Adding entry into typings cache: 'object-keys' => '/home/vicky/.cache/typescript/3.8/node_modules/@types/object-keys/index.d.ts'
[18:50:38.965] Adding entry into typings cache: 'object-path' => '/home/vicky/.cache/typescript/3.8/node_modules/@types/object-path/index.d.ts'
[18:50:38.973] Adding entry into typings cache: 'object.pick' => '/home/vicky/.cache/typescript/3.8/node_modules/@types/object.pick/index.d.ts'
[18:50:38.978] Adding entry into typings cache: 'once' => '/home/vicky/.cache/typescript/3.8/node_modules/@types/once/index.d.ts'
[18:50:38.985] Adding entry into typings cache: 'pako' => '/home/vicky/.cache/typescript/3.8/node_modules/@types/pako/index.d.ts'
[18:50:38.993] Adding entry into typings cache: 'parallel-transform' => '/home/vicky/.cache/typescript/3.8/node_modules/@types/parallel-transform/index.d.ts'
[18:50:39.4] Adding entry into typings cache: 'path-is-absolute' => '/home/vicky/.cache/typescript/3.8/node_modules/@types/path-is-absolute/index.d.ts'
[18:50:39.8] Adding entry into typings cache: 'path-parse' => '/home/vicky/.cache/typescript/3.8/node_modules/@types/path-parse/index.d.ts'
[18:50:39.12] Adding entry into typings cache: 'pbkdf2' => '/home/vicky/.cache/typescript/3.8/node_modules/@types/pbkdf2/index.d.ts'
[18:50:39.16] Adding entry into typings cache: 'pify' => '/home/vicky/.cache/typescript/3.8/node_modules/@types/pify/index.d.ts'
[18:50:39.29] Adding entry into typings cache: 'postcss-custom-properties' => '/home/vicky/.cache/typescript/3.8/node_modules/@types/postcss-custom-properties/index.d.ts'
[18:50:39.33] Adding entry into typings cache: 'postcss-modules-extract-imports' => '/home/vicky/.cache/typescript/3.8/node_modules/@types/postcss-modules-extract-imports/index.d.ts'
[18:50:39.38] Adding entry into typings cache: 'postcss-modules-local-by-default' => '/home/vicky/.cache/typescript/3.8/node_modules/@types/postcss-modules-local-by-default/index.d.ts'
[18:50:39.42] Adding entry into typings cache: 'postcss-modules-scope' => '/home/vicky/.cache/typescript/3.8/node_modules/@types/postcss-modules-scope/index.d.ts'
[18:50:39.47] Adding entry into typings cache: 'postcss-modules-values' => '/home/vicky/.cache/typescript/3.8/node_modules/@types/postcss-modules-values/index.d.ts'
[18:50:39.52] Adding entry into typings cache: 'postcss-nested' => '/home/vicky/.cache/typescript/3.8/node_modules/@types/postcss-nested/index.d.ts'
[18:50:39.57] Adding entry into typings cache: 'pretty-hrtime' => '/home/vicky/.cache/typescript/3.8/node_modules/@types/pretty-hrtime/index.d.ts'
[18:50:39.61] Adding entry into typings cache: 'promise-inflight' => '/home/vicky/.cache/typescript/3.8/node_modules/@types/promise-inflight/index.d.ts'
[18:50:39.66] Adding entry into typings cache: 'prop-types' => '/home/vicky/.cache/typescript/3.8/node_modules/@types/prop-types/index.d.ts'
[18:50:39.70] Adding entry into typings cache: 'pump' => '/home/vicky/.cache/typescript/3.8/node_modules/@types/pump/index.d.ts'
[18:50:39.74] Adding entry into typings cache: 'pumpify' => '/home/vicky/.cache/typescript/3.8/node_modules/@types/pumpify/index.d.ts'
[18:50:39.82] Adding entry into typings cache: 'punycode' => '/home/vicky/.cache/typescript/3.8/node_modules/@types/punycode/index.d.ts'
[18:50:39.88] Adding entry into typings cache: 'ramda' => '/home/vicky/.cache/typescript/3.8/node_modules/@types/ramda/index.d.ts'
[18:50:39.102] Adding entry into typings cache: 'randombytes' => '/home/vicky/.cache/typescript/3.8/node_modules/@types/randombytes/index.d.ts'
[18:50:39.109] Adding entry into typings cache: 'react' => '/home/vicky/.cache/typescript/3.8/node_modules/@types/react/index.d.ts'
[18:50:39.116] Adding entry into typings cache: 'react-dom' => '/home/vicky/.cache/typescript/3.8/node_modules/@types/react-dom/index.d.ts'
[18:50:39.119] Adding entry into typings cache: 'react-is' => '/home/vicky/.cache/typescript/3.8/node_modules/@types/react-is/index.d.ts'
[18:50:39.370] Adding entry into typings cache: 'readable-stream' => '/home/vicky/.cache/typescript/3.8/node_modules/@types/readable-stream/index.d.ts'
[18:50:39.378] Adding entry into typings cache: 'repeat-element' => '/home/vicky/.cache/typescript/3.8/node_modules/@types/repeat-element/index.d.ts'
[18:50:39.386] Adding entry into typings cache: 'repeat-string' => '/home/vicky/.cache/typescript/3.8/node_modules/@types/repeat-string/index.d.ts'
[18:50:39.633] Adding entry into typings cache: 'replace-ext' => '/home/vicky/.cache/typescript/3.8/node_modules/@types/replace-ext/index.d.ts'
[18:50:39.636] Adding entry into typings cache: 'resolve' => '/home/vicky/.cache/typescript/3.8/node_modules/@types/resolve/index.d.ts'
[18:50:39.641] Adding entry into typings cache: 'rimraf' => '/home/vicky/.cache/typescript/3.8/node_modules/@types/rimraf/index.d.ts'
[18:50:39.645] Adding entry into typings cache: 'ripemd160' => '/home/vicky/.cache/typescript/3.8/node_modules/@types/ripemd160/index.d.ts'
[18:50:39.654] Adding entry into typings cache: 'safe-regex' => '/home/vicky/.cache/typescript/3.8/node_modules/@types/safe-regex/index.d.ts'
[18:50:39.735] Adding entry into typings cache: 'sass' => '/home/vicky/.cache/typescript/3.8/node_modules/@types/sass/index.d.ts'
[18:50:39.739] Adding entry into typings cache: 'scheduler' => '/home/vicky/.cache/typescript/3.8/node_modules/@types/scheduler/index.d.ts'
[18:50:39.744] Adding entry into typings cache: 'semver' => '/home/vicky/.cache/typescript/3.8/node_modules/@types/semver/index.d.ts'
[18:50:39.747] Adding entry into typings cache: 'serialize-javascript' => '/home/vicky/.cache/typescript/3.8/node_modules/@types/serialize-javascript/index.d.ts'
[18:50:39.754] Adding entry into typings cache: 'set-value' => '/home/vicky/.cache/typescript/3.8/node_modules/@types/set-value/index.d.ts'
[18:50:39.759] Adding entry into typings cache: 'setimmediate' => '/home/vicky/.cache/typescript/3.8/node_modules/@types/setimmediate/ts3.1/index.d.ts'
[18:50:39.764] Adding entry into typings cache: 'sha.js' => '/home/vicky/.cache/typescript/3.8/node_modules/@types/sha.js/index.d.ts'
[18:50:39.768] Adding entry into typings cache: 'source-list-map' => '/home/vicky/.cache/typescript/3.8/node_modules/@types/source-list-map/index.d.ts'
[18:50:39.777] Adding entry into typings cache: 'source-map-support' => '/home/vicky/.cache/typescript/3.8/node_modules/@types/source-map-support/index.d.ts'
[18:50:39.781] Adding entry into typings cache: 'ssri' => '/home/vicky/.cache/typescript/3.8/node_modules/@types/ssri/index.d.ts'
[18:50:39.785] Adding entry into typings cache: 'stream-each' => '/home/vicky/.cache/typescript/3.8/node_modules/@types/stream-each/index.d.ts'
[18:50:39.789] Adding entry into typings cache: 'stream-shift' => '/home/vicky/.cache/typescript/3.8/node_modules/@types/stream-shift/index.d.ts'
[18:50:39.793] Adding entry into typings cache: 'strict-uri-encode' => '/home/vicky/.cache/typescript/3.8/node_modules/@types/strict-uri-encode/index.d.ts'
[18:50:39.800] Adding entry into typings cache: 'string-hash' => '/home/vicky/.cache/typescript/3.8/node_modules/@types/string-hash/index.d.ts'
[18:50:39.804] Adding entry into typings cache: 'styled-jsx' => '/home/vicky/.cache/typescript/3.8/node_modules/@types/styled-jsx/index.d.ts'
[18:50:39.810] Adding entry into typings cache: 'supports-color' => '/home/vicky/.cache/typescript/3.8/node_modules/@types/supports-color/index.d.ts'
[18:50:39.814] Adding entry into typings cache: 'tapable' => '/home/vicky/.cache/typescript/3.8/node_modules/@types/tapable/index.d.ts'
[18:50:39.818] Adding entry into typings cache: 'terser-webpack-plugin' => '/home/vicky/.cache/typescript/3.8/node_modules/@types/terser-webpack-plugin/index.d.ts'
[18:50:39.822] Adding entry into typings cache: 'through2' => '/home/vicky/.cache/typescript/3.8/node_modules/@types/through2/index.d.ts'
[18:50:39.826] Adding entry into typings cache: 'traverse' => '/home/vicky/.cache/typescript/3.8/node_modules/@types/traverse/index.d.ts'
[18:50:39.840] Adding entry into typings cache: 'trim' => '/home/vicky/.cache/typescript/3.8/node_modules/@types/trim/index.d.ts'
[18:50:39.844] Adding entry into typings cache: 'uniq' => '/home/vicky/.cache/typescript/3.8/node_modules/@types/uniq/index.d.ts'
[18:50:39.849] Adding entry into typings cache: 'universalify' => '/home/vicky/.cache/typescript/3.8/node_modules/@types/universalify/index.d.ts'
[18:50:39.857] Adding entry into typings cache: 'urix' => '/home/vicky/.cache/typescript/3.8/node_modules/@types/urix/index.d.ts'
[18:50:39.861] Adding entry into typings cache: 'use-subscription' => '/home/vicky/.cache/typescript/3.8/node_modules/@types/use-subscription/index.d.ts'
[18:50:39.868] Adding entry into typings cache: 'util-deprecate' => '/home/vicky/.cache/typescript/3.8/node_modules/@types/util-deprecate/index.d.ts'
[18:50:39.874] Adding entry into typings cache: 'vfile-location' => '/home/vicky/.cache/typescript/3.8/node_modules/@types/vfile-location/index.d.ts'
[18:50:39.879] Adding entry into typings cache: 'watchpack' => '/home/vicky/.cache/typescript/3.8/node_modules/@types/watchpack/index.d.ts'
[18:50:39.885] Adding entry into typings cache: 'webpack' => '/home/vicky/.cache/typescript/3.8/node_modules/@types/webpack/index.d.ts'
[18:50:39.889] Adding entry into typings cache: 'webpack-sources' => '/home/vicky/.cache/typescript/3.8/node_modules/@types/webpack-sources/index.d.ts'
[18:50:39.893] Adding entry into typings cache: 'xtend' => '/home/vicky/.cache/typescript/3.8/node_modules/@types/xtend/index.d.ts'
[18:50:39.898] Adding entry into typings cache: 'y18n' => '/home/vicky/.cache/typescript/3.8/node_modules/@types/y18n/index.d.ts'
[18:50:39.907] Adding entry into typings cache: 'yallist' => '/home/vicky/.cache/typescript/3.8/node_modules/@types/yallist/index.d.ts'
[18:50:39.911] Adding entry into typings cache: 'zen-observable' => '/home/vicky/.cache/typescript/3.8/node_modules/@types/zen-observable/index.d.ts'
[18:50:39.911] Finished processing cache location '/home/vicky/.cache/typescript/3.8'
[18:50:39.912] Process id: 11395
[18:50:39.912] NPM location: /usr/local/bin/npm (explicit '--npmLocation' not  provided)
[18:50:39.912] validateDefaultNpmLocation: false
[18:50:39.913] Npm config file: /home/vicky/.cache/typescript/3.8/package.json
[18:50:39.913] Updating types-registry npm package...
[18:50:39.913] Exec: /usr/local/bin/npm install --ignore-scripts types-registry@latest
[18:50:57.436]     Succeeded. stdout:
    + types-registry@0.1.485
    updated 1 package and audited 2608 packages in 11.968s

5 packages are looking for funding
  run `npm fund` for details

found 0 vulnerabilities


[18:50:57.440] Updated types-registry npm package
