[20:40:10.623] Global cache location '/home/vicky/.cache/typescript/3.8', safe file path '/home/vicky/.config/yarn/global/node_modules/typescript/lib/typingSafeList.json', types map path /home/vicky/.config/yarn/global/node_modules/typescript/lib/typesMap.json
[20:40:10.627] Processing cache location '/home/vicky/.cache/typescript/3.8'
[20:40:10.628] Trying to find '/home/vicky/.cache/typescript/3.8/package.json'...
[20:40:10.650] Loaded content of '/home/vicky/.cache/typescript/3.8/package.json': {"private":true,"dependencies":{"types-registry":"^0.1.485"},"devDependencies":{"@types/acorn":"^4.0.5","@types/ajv-errors":"^1.0.2","@types/ajv-keywords":"^3.4.0","@types/ansi-styles":"^3.2.1","@types/anymatch":"^1.3.1","@types/arr-diff":"^4.0.0","@types/arr-union":"^3.1.0","@types/array-unique":"^0.3.0","@types/assert":"^1.4.6","@types/atob":"^2.1.2","@types/autoprefixer":"^9.7.2","@types/babel-code-frame":"^6.20.2","@types/babel-plugin-syntax-jsx":"^6.18.0","@types/balanced-match":"^1.0.1","@types/base64-js":"^1.2.5","@types/big.js":"^4.0.5","@types/bluebird":"^3.5.30","@types/bn.js":"^4.11.6","@types/brace-expansion":"^1.1.0","@types/braces":"^3.0.0","@types/brorand":"^1.0.30","@types/browserslist":"^4.8.0","@types/buffer-from":"^1.1.0","@types/buffer-xor":"^2.0.0","@types/bytes":"^3.1.0","@types/cacache":"^12.0.1","@types/caniuse-lite":"^1.0.0","@types/chownr":"^1.0.0","@types/cipher-base":"^1.0.0","@types/clone-deep":"^4.0.1","@types/color-convert":"^1.9.0","@types/color-name":"^1.1.1","@types/commondir":"^1.0.0","@types/component-emitter":"^1.2.9","@types/compose-function":"0.0.30","@types/concat-map":"0.0.0","@types/concat-stream":"^1.6.0","@types/convert-source-map":"^1.5.1","@types/create-hash":"^1.2.2","@types/create-hmac":"^1.1.0","@types/css":"0.0.31","@types/cssesc":"^3.0.0","@types/d":"^1.0.0","@types/debug":"^4.1.5","@types/decode-uri-component":"^0.2.0","@types/define-properties":"^1.1.2","@types/defined":"^1.0.0","@types/detective":"^5.1.0","@types/diffie-hellman":"^5.0.0","@types/domhandler":"^2.4.1","@types/domutils":"^1.7.2","@types/duplexify":"^3.6.0","@types/elliptic":"^6.4.12","@types/end-of-stream":"^1.4.0","@types/enhanced-resolve":"^3.0.6","@types/entities":"^1.1.1","@types/eslint-scope":"^3.7.0","@types/estraverse":"0.0.6","@types/events":"^3.0.0","@types/extend":"^3.0.1","@types/file-loader":"^4.2.0","@types/find-cache-dir":"^3.2.0","@types/flush-write-stream":"^1.0.0","@types/from2":"^2.3.0","@types/fs-extra":"^8.1.0","@types/function-bind":"^1.1.1","@types/get-value":"^3.0.1","@types/glob":"^7.1.1","@types/glob-parent":"^5.1.0","@types/glob-to-regexp":"^0.4.0","@types/graceful-fs":"^4.1.3","@types/has-ansi":"^3.0.0","@types/icss-utils":"^4.1.0","@types/iferr":"^1.0.2","@types/imurmurhash":"^0.1.0","@types/inherits":"0.0.30","@types/invariant":"^2.2.31","@types/is-alphanumerical":"^1.0.0","@types/is-buffer":"^2.0.0","@types/is-glob":"^4.0.1","@types/is-number":"^7.0.0","@types/is-windows":"^1.0.0","@types/isarray":"^2.0.0","@types/js-levenshtein":"^1.1.0","@types/jsesc":"^2.5.0","@types/json-parse-better-errors":"^1.0.0","@types/json-schema-traverse":"^0.4.0","@types/json5":"0.0.30","@types/jsonfile":"^5.0.0","@types/kind-of":"^6.0.0","@types/loader-runner":"^2.2.3","@types/loader-utils":"^1.1.3","@types/lodash":"^4.14.149","@types/lodash.camelcase":"^4.3.6","@types/lodash.template":"^4.4.6","@types/lodash.toarray":"^4.4.6","@types/lru-cache":"^5.1.0","@types/memory-fs":"^0.3.2","@types/merge-stream":"^1.1.2","@types/micromatch":"^4.0.1","@types/mime":"^2.0.1","@types/mini-css-extract-plugin":"^0.9.1","@types/minimalistic-assert":"^1.0.0","@types/minimatch":"^3.0.3","@types/minimist":"^1.2.0","@types/mkdirp":"^1.0.0","@types/move-concurrently":"^1.0.2","@types/ms":"^0.7.31","@types/next-seo":"^1.10.0","@types/next-tick":"^1.0.0","@types/node-emoji":"^1.8.1","@types/node-fetch":"^2.5.5","@types/normalize-path":"^3.0.0","@types/num2fraction":"^1.2.0","@types/object-assign":"^4.0.30","@types/object-keys":"^1.0.1","@types/object-path":"^0.11.0","@types/object.pick":"^1.3.0","@types/once":"^1.4.0","@types/pako":"^1.0.1","@types/parallel-transform":"^1.1.0","@types/path-is-absolute":"^1.0.0","@types/path-parse":"^1.0.19","@types/pbkdf2":"^3.0.0","@types/pify":"^3.0.2","@types/postcss-custom-properties":"^9.1.0","@types/postcss-modules-extract-imports":"^2.0.0","@types/postcss-modules-local-by-default":"^1.2.0","@types/postcss-modules-scope":"^1.1.0","@types/postcss-modules-values":"^3.0.0","@types/postcss-nested":"^4.1.0","@types/pretty-hrtime":"^1.0.0","@types/promise-inflight":"^1.0.0","@types/prop-types":"^15.7.3","@types/pump":"^1.1.0","@types/pumpify":"^1.4.1","@types/punycode":"^2.1.0","@types/ramda":"^0.27.3","@types/randombytes":"^2.0.0","@types/react":"^16.9.34","@types/react-dom":"^16.9.6","@types/react-is":"^16.7.1","@types/readable-stream":"^2.3.5","@types/repeat-element":"^1.1.0","@types/repeat-string":"^1.6.0","@types/replace-ext":"0.0.27","@types/resolve":"^1.14.0","@types/rimraf":"^3.0.0","@types/ripemd160":"^2.0.0","@types/safe-regex":"^1.1.2","@types/sass":"^1.16.0","@types/scheduler":"^0.16.1","@types/semver":"^7.1.0","@types/serialize-javascript":"^1.5.0","@types/set-value":"^2.0.0","@types/setimmediate":"^1.0.0","@types/sha.js":"^2.4.0","@types/source-list-map":"^0.1.2","@types/source-map-support":"^0.5.1","@types/ssri":"^6.0.1","@types/stream-each":"^1.2.0","@types/stream-shift":"^1.0.0","@types/strict-uri-encode":"^2.0.0","@types/string-hash":"^1.1.1","@types/styled-jsx":"^2.2.8","@types/supports-color":"^5.3.0","@types/tapable":"^1.0.5","@types/terser-webpack-plugin":"^2.2.0","@types/through2":"^2.0.34","@types/traverse":"^0.6.32","@types/trim":"^0.1.0","@types/uniq":"0.0.27","@types/universalify":"^1.0.0","@types/urix":"^0.1.0","@types/use-subscription":"^1.0.0","@types/util-deprecate":"^1.0.0","@types/vfile-location":"^2.0.3","@types/watchpack":"^1.1.5","@types/webpack":"^4.41.10","@types/webpack-sources":"^0.1.7","@types/xtend":"^4.0.2","@types/y18n":"^4.0.0","@types/yallist":"^3.0.1","@types/zen-observable":"^0.8.0"}}
[20:40:10.651] Loaded content of '/home/vicky/.cache/typescript/3.8/package-lock.json'
[20:40:10.705] Adding entry into typings cache: 'acorn' => '/home/vicky/.cache/typescript/3.8/node_modules/@types/acorn/index.d.ts'
[20:40:10.719] Adding entry into typings cache: 'ajv-errors' => '/home/vicky/.cache/typescript/3.8/node_modules/@types/ajv-errors/index.d.ts'
[20:40:10.728] Adding entry into typings cache: 'ajv-keywords' => '/home/vicky/.cache/typescript/3.8/node_modules/@types/ajv-keywords/index.d.ts'
[20:40:10.752] Adding entry into typings cache: 'ansi-styles' => '/home/vicky/.cache/typescript/3.8/node_modules/@types/ansi-styles/index.d.ts'
[20:40:10.764] Adding entry into typings cache: 'anymatch' => '/home/vicky/.cache/typescript/3.8/node_modules/@types/anymatch/index.d.ts'
[20:40:10.779] Adding entry into typings cache: 'arr-diff' => '/home/vicky/.cache/typescript/3.8/node_modules/@types/arr-diff/index.d.ts'
[20:40:10.811] Adding entry into typings cache: 'arr-union' => '/home/vicky/.cache/typescript/3.8/node_modules/@types/arr-union/index.d.ts'
[20:40:10.824] Adding entry into typings cache: 'array-unique' => '/home/vicky/.cache/typescript/3.8/node_modules/@types/array-unique/index.d.ts'
[20:40:10.841] Adding entry into typings cache: 'assert' => '/home/vicky/.cache/typescript/3.8/node_modules/@types/assert/ts3.7/index.d.ts'
[20:40:10.856] Adding entry into typings cache: 'atob' => '/home/vicky/.cache/typescript/3.8/node_modules/@types/atob/index.d.ts'
[20:40:10.863] Adding entry into typings cache: 'autoprefixer' => '/home/vicky/.cache/typescript/3.8/node_modules/@types/autoprefixer/index.d.ts'
[20:40:10.872] Adding entry into typings cache: 'babel-code-frame' => '/home/vicky/.cache/typescript/3.8/node_modules/@types/babel-code-frame/index.d.ts'
[20:40:10.879] Adding entry into typings cache: 'babel-plugin-syntax-jsx' => '/home/vicky/.cache/typescript/3.8/node_modules/@types/babel-plugin-syntax-jsx/index.d.ts'
[20:40:10.884] Adding entry into typings cache: 'balanced-match' => '/home/vicky/.cache/typescript/3.8/node_modules/@types/balanced-match/index.d.ts'
[20:40:10.890] Adding entry into typings cache: 'base64-js' => '/home/vicky/.cache/typescript/3.8/node_modules/@types/base64-js/index.d.ts'
[20:40:10.897] Adding entry into typings cache: 'big.js' => '/home/vicky/.cache/typescript/3.8/node_modules/@types/big.js/index.d.ts'
[20:40:10.906] Adding entry into typings cache: 'bluebird' => '/home/vicky/.cache/typescript/3.8/node_modules/@types/bluebird/index.d.ts'
[20:40:10.917] Adding entry into typings cache: 'bn.js' => '/home/vicky/.cache/typescript/3.8/node_modules/@types/bn.js/index.d.ts'
[20:40:10.923] Adding entry into typings cache: 'brace-expansion' => '/home/vicky/.cache/typescript/3.8/node_modules/@types/brace-expansion/index.d.ts'
[20:40:10.942] Adding entry into typings cache: 'braces' => '/home/vicky/.cache/typescript/3.8/node_modules/@types/braces/index.d.ts'
[20:40:10.948] Adding entry into typings cache: 'brorand' => '/home/vicky/.cache/typescript/3.8/node_modules/@types/brorand/index.d.ts'
[20:40:10.953] Adding entry into typings cache: 'browserslist' => '/home/vicky/.cache/typescript/3.8/node_modules/@types/browserslist/index.d.ts'
[20:40:10.964] Adding entry into typings cache: 'buffer-from' => '/home/vicky/.cache/typescript/3.8/node_modules/@types/buffer-from/index.d.ts'
[20:40:10.971] Adding entry into typings cache: 'buffer-xor' => '/home/vicky/.cache/typescript/3.8/node_modules/@types/buffer-xor/index.d.ts'
[20:40:10.989] Adding entry into typings cache: 'bytes' => '/home/vicky/.cache/typescript/3.8/node_modules/@types/bytes/index.d.ts'
[20:40:11.2] Adding entry into typings cache: 'cacache' => '/home/vicky/.cache/typescript/3.8/node_modules/@types/cacache/index.d.ts'
[20:40:11.12] Adding entry into typings cache: 'caniuse-lite' => '/home/vicky/.cache/typescript/3.8/node_modules/@types/caniuse-lite/index.d.ts'
[20:40:11.37] Adding entry into typings cache: 'chownr' => '/home/vicky/.cache/typescript/3.8/node_modules/@types/chownr/index.d.ts'
[20:40:11.50] Adding entry into typings cache: 'cipher-base' => '/home/vicky/.cache/typescript/3.8/node_modules/@types/cipher-base/index.d.ts'
[20:40:11.59] Adding entry into typings cache: 'clone-deep' => '/home/vicky/.cache/typescript/3.8/node_modules/@types/clone-deep/index.d.ts'
[20:40:11.76] Adding entry into typings cache: 'color-convert' => '/home/vicky/.cache/typescript/3.8/node_modules/@types/color-convert/index.d.ts'
[20:40:11.100] Adding entry into typings cache: 'color-name' => '/home/vicky/.cache/typescript/3.8/node_modules/@types/color-name/index.d.ts'
[20:40:11.105] Adding entry into typings cache: 'commondir' => '/home/vicky/.cache/typescript/3.8/node_modules/@types/commondir/index.d.ts'
[20:40:11.123] Adding entry into typings cache: 'component-emitter' => '/home/vicky/.cache/typescript/3.8/node_modules/@types/component-emitter/index.d.ts'
[20:40:11.135] Adding entry into typings cache: 'compose-function' => '/home/vicky/.cache/typescript/3.8/node_modules/@types/compose-function/index.d.ts'
[20:40:11.140] Adding entry into typings cache: 'concat-map' => '/home/vicky/.cache/typescript/3.8/node_modules/@types/concat-map/index.d.ts'
[20:40:11.145] Adding entry into typings cache: 'concat-stream' => '/home/vicky/.cache/typescript/3.8/node_modules/@types/concat-stream/index.d.ts'
[20:40:11.150] Adding entry into typings cache: 'convert-source-map' => '/home/vicky/.cache/typescript/3.8/node_modules/@types/convert-source-map/index.d.ts'
[20:40:11.161] Adding entry into typings cache: 'create-hash' => '/home/vicky/.cache/typescript/3.8/node_modules/@types/create-hash/index.d.ts'
[20:40:11.166] Adding entry into typings cache: 'create-hmac' => '/home/vicky/.cache/typescript/3.8/node_modules/@types/create-hmac/index.d.ts'
[20:40:11.182] Adding entry into typings cache: 'css' => '/home/vicky/.cache/typescript/3.8/node_modules/@types/css/index.d.ts'
[20:40:11.188] Adding entry into typings cache: 'cssesc' => '/home/vicky/.cache/typescript/3.8/node_modules/@types/cssesc/index.d.ts'
[20:40:11.195] Adding entry into typings cache: 'd' => '/home/vicky/.cache/typescript/3.8/node_modules/@types/d/index.d.ts'
[20:40:11.214] Adding entry into typings cache: 'debug' => '/home/vicky/.cache/typescript/3.8/node_modules/@types/debug/index.d.ts'
[20:40:11.226] Adding entry into typings cache: 'decode-uri-component' => '/home/vicky/.cache/typescript/3.8/node_modules/@types/decode-uri-component/index.d.ts'
[20:40:11.231] Adding entry into typings cache: 'define-properties' => '/home/vicky/.cache/typescript/3.8/node_modules/@types/define-properties/index.d.ts'
[20:40:11.235] Adding entry into typings cache: 'defined' => '/home/vicky/.cache/typescript/3.8/node_modules/@types/defined/index.d.ts'
[20:40:11.240] Adding entry into typings cache: 'detective' => '/home/vicky/.cache/typescript/3.8/node_modules/@types/detective/index.d.ts'
[20:40:11.244] Adding entry into typings cache: 'diffie-hellman' => '/home/vicky/.cache/typescript/3.8/node_modules/@types/diffie-hellman/index.d.ts'
[20:40:11.249] Adding entry into typings cache: 'domhandler' => '/home/vicky/.cache/typescript/3.8/node_modules/@types/domhandler/index.d.ts'
[20:40:11.254] Adding entry into typings cache: 'domutils' => '/home/vicky/.cache/typescript/3.8/node_modules/@types/domutils/index.d.ts'
[20:40:11.259] Adding entry into typings cache: 'duplexify' => '/home/vicky/.cache/typescript/3.8/node_modules/@types/duplexify/index.d.ts'
[20:40:11.263] Adding entry into typings cache: 'elliptic' => '/home/vicky/.cache/typescript/3.8/node_modules/@types/elliptic/index.d.ts'
[20:40:11.270] Adding entry into typings cache: 'end-of-stream' => '/home/vicky/.cache/typescript/3.8/node_modules/@types/end-of-stream/index.d.ts'
[20:40:11.278] Adding entry into typings cache: 'enhanced-resolve' => '/home/vicky/.cache/typescript/3.8/node_modules/@types/enhanced-resolve/index.d.ts'
[20:40:11.283] Adding entry into typings cache: 'entities' => '/home/vicky/.cache/typescript/3.8/node_modules/@types/entities/index.d.ts'
[20:40:11.287] Adding entry into typings cache: 'eslint-scope' => '/home/vicky/.cache/typescript/3.8/node_modules/@types/eslint-scope/index.d.ts'
[20:40:11.291] Adding entry into typings cache: 'estraverse' => '/home/vicky/.cache/typescript/3.8/node_modules/@types/estraverse/index.d.ts'
[20:40:11.295] Adding entry into typings cache: 'events' => '/home/vicky/.cache/typescript/3.8/node_modules/@types/events/index.d.ts'
[20:40:11.319] Adding entry into typings cache: 'extend' => '/home/vicky/.cache/typescript/3.8/node_modules/@types/extend/index.d.ts'
[20:40:11.324] Adding entry into typings cache: 'file-loader' => '/home/vicky/.cache/typescript/3.8/node_modules/@types/file-loader/index.d.ts'
[20:40:11.328] Adding entry into typings cache: 'find-cache-dir' => '/home/vicky/.cache/typescript/3.8/node_modules/@types/find-cache-dir/index.d.ts'
[20:40:11.332] Adding entry into typings cache: 'flush-write-stream' => '/home/vicky/.cache/typescript/3.8/node_modules/@types/flush-write-stream/index.d.ts'
[20:40:11.336] Adding entry into typings cache: 'from2' => '/home/vicky/.cache/typescript/3.8/node_modules/@types/from2/index.d.ts'
[20:40:11.343] Adding entry into typings cache: 'fs-extra' => '/home/vicky/.cache/typescript/3.8/node_modules/@types/fs-extra/index.d.ts'
[20:40:11.348] Adding entry into typings cache: 'function-bind' => '/home/vicky/.cache/typescript/3.8/node_modules/@types/function-bind/ts3.3/index.d.ts'
[20:40:11.365] Adding entry into typings cache: 'get-value' => '/home/vicky/.cache/typescript/3.8/node_modules/@types/get-value/index.d.ts'
[20:40:11.383] Adding entry into typings cache: 'glob' => '/home/vicky/.cache/typescript/3.8/node_modules/@types/glob/index.d.ts'
[20:40:11.462] Adding entry into typings cache: 'glob-parent' => '/home/vicky/.cache/typescript/3.8/node_modules/@types/glob-parent/index.d.ts'
[20:40:11.465] Adding entry into typings cache: 'glob-to-regexp' => '/home/vicky/.cache/typescript/3.8/node_modules/@types/glob-to-regexp/index.d.ts'
[20:40:11.479] Adding entry into typings cache: 'graceful-fs' => '/home/vicky/.cache/typescript/3.8/node_modules/@types/graceful-fs/index.d.ts'
[20:40:11.482] Adding entry into typings cache: 'has-ansi' => '/home/vicky/.cache/typescript/3.8/node_modules/@types/has-ansi/index.d.ts'
[20:40:11.487] Adding entry into typings cache: 'icss-utils' => '/home/vicky/.cache/typescript/3.8/node_modules/@types/icss-utils/index.d.ts'
[20:40:11.491] Adding entry into typings cache: 'iferr' => '/home/vicky/.cache/typescript/3.8/node_modules/@types/iferr/index.d.ts'
[20:40:11.495] Adding entry into typings cache: 'imurmurhash' => '/home/vicky/.cache/typescript/3.8/node_modules/@types/imurmurhash/index.d.ts'
[20:40:11.506] Adding entry into typings cache: 'inherits' => '/home/vicky/.cache/typescript/3.8/node_modules/@types/inherits/index.d.ts'
[20:40:11.510] Adding entry into typings cache: 'invariant' => '/home/vicky/.cache/typescript/3.8/node_modules/@types/invariant/ts3.7/index.d.ts'
[20:40:11.514] Adding entry into typings cache: 'is-alphanumerical' => '/home/vicky/.cache/typescript/3.8/node_modules/@types/is-alphanumerical/index.d.ts'
[20:40:11.519] Adding entry into typings cache: 'is-buffer' => '/home/vicky/.cache/typescript/3.8/node_modules/is-buffer/index.d.ts'
[20:40:11.532] Adding entry into typings cache: 'is-glob' => '/home/vicky/.cache/typescript/3.8/node_modules/@types/is-glob/index.d.ts'
[20:40:11.540] Adding entry into typings cache: 'is-number' => '/home/vicky/.cache/typescript/3.8/node_modules/@types/is-number/index.d.ts'
[20:40:11.548] Adding entry into typings cache: 'is-windows' => '/home/vicky/.cache/typescript/3.8/node_modules/@types/is-windows/index.d.ts'
[20:40:11.556] Adding entry into typings cache: 'isarray' => '/home/vicky/.cache/typescript/3.8/node_modules/@types/isarray/index.d.ts'
[20:40:11.561] Adding entry into typings cache: 'js-levenshtein' => '/home/vicky/.cache/typescript/3.8/node_modules/@types/js-levenshtein/index.d.ts'
[20:40:11.565] Adding entry into typings cache: 'jsesc' => '/home/vicky/.cache/typescript/3.8/node_modules/@types/jsesc/index.d.ts'
[20:40:11.568] Adding entry into typings cache: 'json-parse-better-errors' => '/home/vicky/.cache/typescript/3.8/node_modules/@types/json-parse-better-errors/index.d.ts'
[20:40:11.584] Adding entry into typings cache: 'json-schema-traverse' => '/home/vicky/.cache/typescript/3.8/node_modules/@types/json-schema-traverse/index.d.ts'
[20:40:11.593] Adding entry into typings cache: 'json5' => '/home/vicky/.cache/typescript/3.8/node_modules/@types/json5/index.d.ts'
[20:40:11.597] Adding entry into typings cache: 'jsonfile' => '/home/vicky/.cache/typescript/3.8/node_modules/@types/jsonfile/index.d.ts'
[20:40:11.619] Adding entry into typings cache: 'kind-of' => '/home/vicky/.cache/typescript/3.8/node_modules/@types/kind-of/index.d.ts'
[20:40:11.884] Adding entry into typings cache: 'loader-runner' => '/home/vicky/.cache/typescript/3.8/node_modules/@types/loader-runner/index.d.ts'
[20:40:12.162] Adding entry into typings cache: 'loader-utils' => '/home/vicky/.cache/typescript/3.8/node_modules/@types/loader-utils/index.d.ts'
[20:40:12.177] Adding entry into typings cache: 'lodash' => '/home/vicky/.cache/typescript/3.8/node_modules/@types/lodash/ts3.1/index.d.ts'
[20:40:12.182] Adding entry into typings cache: 'lodash.camelcase' => '/home/vicky/.cache/typescript/3.8/node_modules/@types/lodash.camelcase/index.d.ts'
[20:40:12.192] Adding entry into typings cache: 'lodash.template' => '/home/vicky/.cache/typescript/3.8/node_modules/@types/lodash.template/index.d.ts'
[20:40:12.202] Adding entry into typings cache: 'lodash.toarray' => '/home/vicky/.cache/typescript/3.8/node_modules/@types/lodash.toarray/index.d.ts'
[20:40:12.211] Adding entry into typings cache: 'lru-cache' => '/home/vicky/.cache/typescript/3.8/node_modules/@types/lru-cache/index.d.ts'
[20:40:12.219] Adding entry into typings cache: 'memory-fs' => '/home/vicky/.cache/typescript/3.8/node_modules/@types/memory-fs/index.d.ts'
[20:40:12.226] Adding entry into typings cache: 'merge-stream' => '/home/vicky/.cache/typescript/3.8/node_modules/@types/merge-stream/index.d.ts'
[20:40:12.248] Adding entry into typings cache: 'micromatch' => '/home/vicky/.cache/typescript/3.8/node_modules/@types/micromatch/index.d.ts'
[20:40:12.252] Adding entry into typings cache: 'mime' => '/home/vicky/.cache/typescript/3.8/node_modules/@types/mime/index.d.ts'
[20:40:12.257] Adding entry into typings cache: 'mini-css-extract-plugin' => '/home/vicky/.cache/typescript/3.8/node_modules/@types/mini-css-extract-plugin/index.d.ts'
[20:40:12.262] Adding entry into typings cache: 'minimalistic-assert' => '/home/vicky/.cache/typescript/3.8/node_modules/@types/minimalistic-assert/index.d.ts'
[20:40:12.270] Adding entry into typings cache: 'minimatch' => '/home/vicky/.cache/typescript/3.8/node_modules/@types/minimatch/index.d.ts'
[20:40:12.274] Adding entry into typings cache: 'minimist' => '/home/vicky/.cache/typescript/3.8/node_modules/@types/minimist/index.d.ts'
[20:40:12.277] Adding entry into typings cache: 'mkdirp' => '/home/vicky/.cache/typescript/3.8/node_modules/@types/mkdirp/index.d.ts'
[20:40:12.282] Adding entry into typings cache: 'move-concurrently' => '/home/vicky/.cache/typescript/3.8/node_modules/@types/move-concurrently/index.d.ts'
[20:40:12.289] Adding entry into typings cache: 'ms' => '/home/vicky/.cache/typescript/3.8/node_modules/@types/ms/index.d.ts'
[20:40:12.292] Adding entry into typings cache: 'next-seo' => '/home/vicky/.cache/typescript/3.8/node_modules/@types/next-seo/index.d.ts'
[20:40:12.296] Adding entry into typings cache: 'next-tick' => '/home/vicky/.cache/typescript/3.8/node_modules/@types/next-tick/index.d.ts'
[20:40:12.301] Adding entry into typings cache: 'node-emoji' => '/home/vicky/.cache/typescript/3.8/node_modules/@types/node-emoji/index.d.ts'
[20:40:12.305] Adding entry into typings cache: 'node-fetch' => '/home/vicky/.cache/typescript/3.8/node_modules/@types/node-fetch/index.d.ts'
[20:40:12.316] Adding entry into typings cache: 'normalize-path' => '/home/vicky/.cache/typescript/3.8/node_modules/@types/normalize-path/index.d.ts'
[20:40:12.320] Adding entry into typings cache: 'num2fraction' => '/home/vicky/.cache/typescript/3.8/node_modules/@types/num2fraction/index.d.ts'
[20:40:12.323] Adding entry into typings cache: 'object-assign' => '/home/vicky/.cache/typescript/3.8/node_modules/@types/object-assign/index.d.ts'
[20:40:12.326] Adding entry into typings cache: 'object-keys' => '/home/vicky/.cache/typescript/3.8/node_modules/@types/object-keys/index.d.ts'
[20:40:12.341] Adding entry into typings cache: 'object-path' => '/home/vicky/.cache/typescript/3.8/node_modules/@types/object-path/index.d.ts'
[20:40:12.352] Adding entry into typings cache: 'object.pick' => '/home/vicky/.cache/typescript/3.8/node_modules/@types/object.pick/index.d.ts'
[20:40:12.356] Adding entry into typings cache: 'once' => '/home/vicky/.cache/typescript/3.8/node_modules/@types/once/index.d.ts'
[20:40:12.360] Adding entry into typings cache: 'pako' => '/home/vicky/.cache/typescript/3.8/node_modules/@types/pako/index.d.ts'
[20:40:12.363] Adding entry into typings cache: 'parallel-transform' => '/home/vicky/.cache/typescript/3.8/node_modules/@types/parallel-transform/index.d.ts'
[20:40:12.373] Adding entry into typings cache: 'path-is-absolute' => '/home/vicky/.cache/typescript/3.8/node_modules/@types/path-is-absolute/index.d.ts'
[20:40:12.376] Adding entry into typings cache: 'path-parse' => '/home/vicky/.cache/typescript/3.8/node_modules/@types/path-parse/index.d.ts'
[20:40:12.379] Adding entry into typings cache: 'pbkdf2' => '/home/vicky/.cache/typescript/3.8/node_modules/@types/pbkdf2/index.d.ts'
[20:40:12.382] Adding entry into typings cache: 'pify' => '/home/vicky/.cache/typescript/3.8/node_modules/@types/pify/index.d.ts'
[20:40:12.386] Adding entry into typings cache: 'postcss-custom-properties' => '/home/vicky/.cache/typescript/3.8/node_modules/@types/postcss-custom-properties/index.d.ts'
[20:40:12.390] Adding entry into typings cache: 'postcss-modules-extract-imports' => '/home/vicky/.cache/typescript/3.8/node_modules/@types/postcss-modules-extract-imports/index.d.ts'
[20:40:12.394] Adding entry into typings cache: 'postcss-modules-local-by-default' => '/home/vicky/.cache/typescript/3.8/node_modules/@types/postcss-modules-local-by-default/index.d.ts'
[20:40:12.398] Adding entry into typings cache: 'postcss-modules-scope' => '/home/vicky/.cache/typescript/3.8/node_modules/@types/postcss-modules-scope/index.d.ts'
[20:40:12.402] Adding entry into typings cache: 'postcss-modules-values' => '/home/vicky/.cache/typescript/3.8/node_modules/@types/postcss-modules-values/index.d.ts'
[20:40:12.408] Adding entry into typings cache: 'postcss-nested' => '/home/vicky/.cache/typescript/3.8/node_modules/@types/postcss-nested/index.d.ts'
[20:40:12.415] Adding entry into typings cache: 'pretty-hrtime' => '/home/vicky/.cache/typescript/3.8/node_modules/@types/pretty-hrtime/index.d.ts'
[20:40:12.418] Adding entry into typings cache: 'promise-inflight' => '/home/vicky/.cache/typescript/3.8/node_modules/@types/promise-inflight/index.d.ts'
[20:40:12.422] Adding entry into typings cache: 'prop-types' => '/home/vicky/.cache/typescript/3.8/node_modules/@types/prop-types/index.d.ts'
[20:40:12.426] Adding entry into typings cache: 'pump' => '/home/vicky/.cache/typescript/3.8/node_modules/@types/pump/index.d.ts'
[20:40:12.429] Adding entry into typings cache: 'pumpify' => '/home/vicky/.cache/typescript/3.8/node_modules/@types/pumpify/index.d.ts'
[20:40:12.435] Adding entry into typings cache: 'punycode' => '/home/vicky/.cache/typescript/3.8/node_modules/@types/punycode/index.d.ts'
[20:40:12.441] Adding entry into typings cache: 'ramda' => '/home/vicky/.cache/typescript/3.8/node_modules/@types/ramda/index.d.ts'
[20:40:12.447] Adding entry into typings cache: 'randombytes' => '/home/vicky/.cache/typescript/3.8/node_modules/@types/randombytes/index.d.ts'
[20:40:12.451] Adding entry into typings cache: 'react' => '/home/vicky/.cache/typescript/3.8/node_modules/@types/react/index.d.ts'
[20:40:12.455] Adding entry into typings cache: 'react-dom' => '/home/vicky/.cache/typescript/3.8/node_modules/@types/react-dom/index.d.ts'
[20:40:12.458] Adding entry into typings cache: 'react-is' => '/home/vicky/.cache/typescript/3.8/node_modules/@types/react-is/index.d.ts'
[20:40:12.466] Adding entry into typings cache: 'readable-stream' => '/home/vicky/.cache/typescript/3.8/node_modules/@types/readable-stream/index.d.ts'
[20:40:12.479] Adding entry into typings cache: 'repeat-element' => '/home/vicky/.cache/typescript/3.8/node_modules/@types/repeat-element/index.d.ts'
[20:40:12.487] Adding entry into typings cache: 'repeat-string' => '/home/vicky/.cache/typescript/3.8/node_modules/@types/repeat-string/index.d.ts'
[20:40:12.499] Adding entry into typings cache: 'replace-ext' => '/home/vicky/.cache/typescript/3.8/node_modules/@types/replace-ext/index.d.ts'
[20:40:12.502] Adding entry into typings cache: 'resolve' => '/home/vicky/.cache/typescript/3.8/node_modules/@types/resolve/index.d.ts'
[20:40:12.510] Adding entry into typings cache: 'rimraf' => '/home/vicky/.cache/typescript/3.8/node_modules/@types/rimraf/index.d.ts'
[20:40:12.520] Adding entry into typings cache: 'ripemd160' => '/home/vicky/.cache/typescript/3.8/node_modules/@types/ripemd160/index.d.ts'
[20:40:12.528] Adding entry into typings cache: 'safe-regex' => '/home/vicky/.cache/typescript/3.8/node_modules/@types/safe-regex/index.d.ts'
[20:40:12.532] Adding entry into typings cache: 'sass' => '/home/vicky/.cache/typescript/3.8/node_modules/@types/sass/index.d.ts'
[20:40:12.536] Adding entry into typings cache: 'scheduler' => '/home/vicky/.cache/typescript/3.8/node_modules/@types/scheduler/index.d.ts'
[20:40:12.539] Adding entry into typings cache: 'semver' => '/home/vicky/.cache/typescript/3.8/node_modules/@types/semver/index.d.ts'
[20:40:12.542] Adding entry into typings cache: 'serialize-javascript' => '/home/vicky/.cache/typescript/3.8/node_modules/@types/serialize-javascript/index.d.ts'
[20:40:12.548] Adding entry into typings cache: 'set-value' => '/home/vicky/.cache/typescript/3.8/node_modules/@types/set-value/index.d.ts'
[20:40:12.552] Adding entry into typings cache: 'setimmediate' => '/home/vicky/.cache/typescript/3.8/node_modules/@types/setimmediate/ts3.1/index.d.ts'
[20:40:12.557] Adding entry into typings cache: 'sha.js' => '/home/vicky/.cache/typescript/3.8/node_modules/@types/sha.js/index.d.ts'
[20:40:12.560] Adding entry into typings cache: 'source-list-map' => '/home/vicky/.cache/typescript/3.8/node_modules/@types/source-list-map/index.d.ts'
[20:40:12.566] Adding entry into typings cache: 'source-map-support' => '/home/vicky/.cache/typescript/3.8/node_modules/@types/source-map-support/index.d.ts'
[20:40:12.570] Adding entry into typings cache: 'ssri' => '/home/vicky/.cache/typescript/3.8/node_modules/@types/ssri/index.d.ts'
[20:40:12.573] Adding entry into typings cache: 'stream-each' => '/home/vicky/.cache/typescript/3.8/node_modules/@types/stream-each/index.d.ts'
[20:40:12.576] Adding entry into typings cache: 'stream-shift' => '/home/vicky/.cache/typescript/3.8/node_modules/@types/stream-shift/index.d.ts'
[20:40:12.579] Adding entry into typings cache: 'strict-uri-encode' => '/home/vicky/.cache/typescript/3.8/node_modules/@types/strict-uri-encode/index.d.ts'
[20:40:12.586] Adding entry into typings cache: 'string-hash' => '/home/vicky/.cache/typescript/3.8/node_modules/@types/string-hash/index.d.ts'
[20:40:12.589] Adding entry into typings cache: 'styled-jsx' => '/home/vicky/.cache/typescript/3.8/node_modules/@types/styled-jsx/index.d.ts'
[20:40:12.605] Adding entry into typings cache: 'supports-color' => '/home/vicky/.cache/typescript/3.8/node_modules/@types/supports-color/index.d.ts'
[20:40:12.608] Adding entry into typings cache: 'tapable' => '/home/vicky/.cache/typescript/3.8/node_modules/@types/tapable/index.d.ts'
[20:40:12.612] Adding entry into typings cache: 'terser-webpack-plugin' => '/home/vicky/.cache/typescript/3.8/node_modules/@types/terser-webpack-plugin/index.d.ts'
[20:40:12.615] Adding entry into typings cache: 'through2' => '/home/vicky/.cache/typescript/3.8/node_modules/@types/through2/index.d.ts'
[20:40:12.618] Adding entry into typings cache: 'traverse' => '/home/vicky/.cache/typescript/3.8/node_modules/@types/traverse/index.d.ts'
[20:40:12.625] Adding entry into typings cache: 'trim' => '/home/vicky/.cache/typescript/3.8/node_modules/@types/trim/index.d.ts'
[20:40:12.632] Adding entry into typings cache: 'uniq' => '/home/vicky/.cache/typescript/3.8/node_modules/@types/uniq/index.d.ts'
[20:40:12.635] Adding entry into typings cache: 'universalify' => '/home/vicky/.cache/typescript/3.8/node_modules/@types/universalify/index.d.ts'
[20:40:12.642] Adding entry into typings cache: 'urix' => '/home/vicky/.cache/typescript/3.8/node_modules/@types/urix/index.d.ts'
[20:40:12.646] Adding entry into typings cache: 'use-subscription' => '/home/vicky/.cache/typescript/3.8/node_modules/@types/use-subscription/index.d.ts'
[20:40:12.653] Adding entry into typings cache: 'util-deprecate' => '/home/vicky/.cache/typescript/3.8/node_modules/@types/util-deprecate/index.d.ts'
[20:40:12.657] Adding entry into typings cache: 'vfile-location' => '/home/vicky/.cache/typescript/3.8/node_modules/@types/vfile-location/index.d.ts'
[20:40:12.661] Adding entry into typings cache: 'watchpack' => '/home/vicky/.cache/typescript/3.8/node_modules/@types/watchpack/index.d.ts'
[20:40:12.667] Adding entry into typings cache: 'webpack' => '/home/vicky/.cache/typescript/3.8/node_modules/@types/webpack/index.d.ts'
[20:40:12.672] Adding entry into typings cache: 'webpack-sources' => '/home/vicky/.cache/typescript/3.8/node_modules/@types/webpack-sources/index.d.ts'
[20:40:12.675] Adding entry into typings cache: 'xtend' => '/home/vicky/.cache/typescript/3.8/node_modules/@types/xtend/index.d.ts'
[20:40:12.680] Adding entry into typings cache: 'y18n' => '/home/vicky/.cache/typescript/3.8/node_modules/@types/y18n/index.d.ts'
[20:40:12.689] Adding entry into typings cache: 'yallist' => '/home/vicky/.cache/typescript/3.8/node_modules/@types/yallist/index.d.ts'
[20:40:12.693] Adding entry into typings cache: 'zen-observable' => '/home/vicky/.cache/typescript/3.8/node_modules/@types/zen-observable/index.d.ts'
[20:40:12.693] Finished processing cache location '/home/vicky/.cache/typescript/3.8'
[20:40:12.694] Process id: 3883
[20:40:12.694] NPM location: /usr/local/bin/npm (explicit '--npmLocation' not  provided)
[20:40:12.694] validateDefaultNpmLocation: false
[20:40:12.694] Npm config file: /home/vicky/.cache/typescript/3.8/package.json
[20:40:12.694] Updating types-registry npm package...
[20:40:12.695] Exec: /usr/local/bin/npm install --ignore-scripts types-registry@latest
[20:40:38.777]     Succeeded. stdout:
    + types-registry@0.1.485
    updated 1 package and audited 2608 packages in 21.435s

5 packages are looking for funding
  run `npm fund` for details

found 0 vulnerabilities


[20:40:38.777] Updated types-registry npm package
